<?xml version="1.0" encoding="UTF-8"?>
<testsuite xmlns:xsi="http://www.w3.org/2001/XMLSchema-instance" xsi:noNamespaceSchemaLocation="https://maven.apache.org/surefire/maven-surefire-plugin/xsd/surefire-test-report.xsd" name="tqs.lab2.stocks.StockTest" time="0.019" tests="4" errors="0" skipped="0" failures="0">
  <properties>
[...]
</properties>
  <testcase name="testGetLabel" classname="tqs.lab2.stocks.StockTest" time="0.012"/>
  <testcase name="testSetQuantity" classname="tqs.lab2.stocks.StockTest" time="0.001"/>
  <testcase name="testGeQuantity" classname="tqs.lab2.stocks.StockTest" time="0"/>
  <testcase name="testSetLabel" classname="tqs.lab2.stocks.StockTest" time="0.001"/>
</testsuite>